<?xml version="1.0" encoding="UTF-8"?>
<!-- Generated by org.testng.reporters.JUnitReportReporter -->
<testsuite hostname="DESKTOP-AALL9QS" failures="0" tests="1" name="com.interbanking.testcases.TC_LoginPage_001" time="1.968" errors="0" timestamp="26 Nov 2023 06:48:49 GMT" skipped="0">
  <testcase classname="com.interbanking.testcases.TC_LoginPage_001" name="login" time="1.968"/>
</testsuite> <!-- com.interbanking.testcases.TC_LoginPage_001 -->
